<?xml version="1.0" encoding="UTF-8"?>
<!-- Generated by org.testng.reporters.JUnitXMLReporter -->
<testsuite hostname="LAPTOP-FCKSJAP5" ignored="0" name="Default test" tests="3" failures="0" timestamp="09 Jun 2018 14:51:49 GMT" time="44.059" errors="0">
  <testcase name="loginPageTitleTest" time="0.03" classname="com.crm.qa.testcases.LoginPageTest"/>
  <testcase name="crmLogoTest" time="0.065" classname="com.crm.qa.testcases.LoginPageTest"/>
  <testcase name="loginTest" time="12.27" classname="com.crm.qa.testcases.LoginPageTest"/>
</testsuite> <!-- Default test -->
