<?xml version="1.0" encoding="UTF-8"?>
<testng-results skipped="0" failed="0" ignored="0" total="3" passed="3">
  <reporter-output>
  </reporter-output>
  <suite name="Default suite" duration-ms="44059" started-at="2018-06-09T14:51:05Z" finished-at="2018-06-09T14:51:49Z">
    <groups>
    </groups>
    <test name="Default test" duration-ms="44059" started-at="2018-06-09T14:51:05Z" finished-at="2018-06-09T14:51:49Z">
      <class name="com.crm.qa.testcases.LoginPageTest">
        <test-method status="PASS" signature="setup()[pri:0, instance:com.crm.qa.testcases.LoginPageTest@57baeedf]" name="setup" is-config="true" duration-ms="9861" started-at="2018-06-09T20:21:05Z" finished-at="2018-06-09T20:21:14Z">
          <reporter-output>
          </reporter-output>
        </test-method> <!-- setup -->
        <test-method status="PASS" signature="loginPageTitleTest()[pri:1, instance:com.crm.qa.testcases.LoginPageTest@57baeedf]" name="loginPageTitleTest" duration-ms="30" started-at="2018-06-09T20:21:14Z" finished-at="2018-06-09T20:21:14Z">
          <reporter-output>
          </reporter-output>
        </test-method> <!-- loginPageTitleTest -->
        <test-method status="PASS" signature="tearDown()[pri:0, instance:com.crm.qa.testcases.LoginPageTest@57baeedf]" name="tearDown" is-config="true" duration-ms="644" started-at="2018-06-09T20:21:14Z" finished-at="2018-06-09T20:21:15Z">
          <reporter-output>
          </reporter-output>
        </test-method> <!-- tearDown -->
        <test-method status="PASS" signature="setup()[pri:0, instance:com.crm.qa.testcases.LoginPageTest@57baeedf]" name="setup" is-config="true" duration-ms="9605" started-at="2018-06-09T20:21:15Z" finished-at="2018-06-09T20:21:25Z">
          <reporter-output>
          </reporter-output>
        </test-method> <!-- setup -->
        <test-method status="PASS" signature="crmLogoTest()[pri:2, instance:com.crm.qa.testcases.LoginPageTest@57baeedf]" name="crmLogoTest" duration-ms="65" started-at="2018-06-09T20:21:25Z" finished-at="2018-06-09T20:21:25Z">
          <reporter-output>
          </reporter-output>
        </test-method> <!-- crmLogoTest -->
        <test-method status="PASS" signature="tearDown()[pri:0, instance:com.crm.qa.testcases.LoginPageTest@57baeedf]" name="tearDown" is-config="true" duration-ms="643" started-at="2018-06-09T20:21:25Z" finished-at="2018-06-09T20:21:25Z">
          <reporter-output>
          </reporter-output>
        </test-method> <!-- tearDown -->
        <test-method status="PASS" signature="setup()[pri:0, instance:com.crm.qa.testcases.LoginPageTest@57baeedf]" name="setup" is-config="true" duration-ms="10258" started-at="2018-06-09T20:21:25Z" finished-at="2018-06-09T20:21:36Z">
          <reporter-output>
          </reporter-output>
        </test-method> <!-- setup -->
        <test-method status="PASS" signature="loginTest()[pri:3, instance:com.crm.qa.testcases.LoginPageTest@57baeedf]" name="loginTest" duration-ms="12270" started-at="2018-06-09T20:21:36Z" finished-at="2018-06-09T20:21:48Z">
          <reporter-output>
          </reporter-output>
        </test-method> <!-- loginTest -->
        <test-method status="PASS" signature="tearDown()[pri:0, instance:com.crm.qa.testcases.LoginPageTest@57baeedf]" name="tearDown" is-config="true" duration-ms="656" started-at="2018-06-09T20:21:48Z" finished-at="2018-06-09T20:21:49Z">
          <reporter-output>
          </reporter-output>
        </test-method> <!-- tearDown -->
      </class> <!-- com.crm.qa.testcases.LoginPageTest -->
    </test> <!-- Default test -->
  </suite> <!-- Default suite -->
</testng-results>
